Starting java-vm with options:
' -classpath :/home/mef-dev/nso/java/jar/* -Dport=4569 -Djava.security.egd=file:/dev/./urandom -Dfile.encoding=UTF-8'
NCS JVM STARTING
NcsLogger applying Default configuration!
<INFO> 09-Aug-2019::13:50:20.037 NcsMain JVM-Launcher: - CONNECTED TO to NCS --> Socket[addr=/127.0.0.1,port=4569,localport=57876]
<INFO> 09-Aug-2019::13:50:20.063 NcsMain JVM-Launcher: - READ SOCKET =>
<INFO> 09-Aug-2019::13:50:20.075 NcsMain JVM-Launcher: -  <= GOT INIT_JVM
JMXURL : service:jmx:rmi://127.0.0.1:9901/jndi/rmi://127.0.0.1:9902/ncs
<INFO> 09-Aug-2019::13:50:21.427 NcsMain JVM-Launcher: - ALARM SERVICE STARTED
<INFO> 09-Aug-2019::13:50:21.427 NcsMain JVM-Launcher: - DONE COMMAND --> INIT_JVM
<INFO> 09-Aug-2019::13:50:21.428 NcsMain JVM-Launcher: - READ SOCKET =>
<INFO> 09-Aug-2019::13:50:21.429 NcsMain JVM-Launcher: -  <= GOT LOAD_SHARED_JARS
<INFO> 09-Aug-2019::13:50:21.430 NcsMain JVM-Launcher: - LOAD SHARED PACKAGE ["cisco-nc-1.0"] -->
<INFO> 09-Aug-2019::13:50:21.430 NcsMain JVM-Launcher: - loading shared jar: file:///home/mef-dev/evc-project/state/packages-in-use/1/cisco/shared-jar/cisco-ns.jar
<INFO> 09-Aug-2019::13:50:21.430 NcsMain JVM-Launcher: - LOAD SHARED PACKAGE ["cisco-nc-1.0"] --> OK
<INFO> 09-Aug-2019::13:50:21.431 NcsMain JVM-Launcher: - DONE COMMAND --> LOAD_SHARED_JARS
<INFO> 09-Aug-2019::13:50:21.431 NcsMain JVM-Launcher: - READ SOCKET =>
<INFO> 09-Aug-2019::13:50:21.431 NcsMain JVM-Launcher: -  <= GOT LOAD_SHARED_JARS
<INFO> 09-Aug-2019::13:50:21.432 NcsMain JVM-Launcher: - LOAD SHARED PACKAGE ["evc"] -->
<INFO> 09-Aug-2019::13:50:21.432 NcsMain JVM-Launcher: - loading shared jar: file:///home/mef-dev/evc-project/state/packages-in-use/1/evc/shared-jar/evc-ns.jar
<INFO> 09-Aug-2019::13:50:21.432 NcsMain JVM-Launcher: - LOAD SHARED PACKAGE ["evc"] --> OK
<INFO> 09-Aug-2019::13:50:21.433 NcsMain JVM-Launcher: - DONE COMMAND --> LOAD_SHARED_JARS
<INFO> 09-Aug-2019::13:50:21.434 NcsMain JVM-Launcher: - READ SOCKET =>
<INFO> 09-Aug-2019::13:50:21.434 NcsMain JVM-Launcher: -  <= GOT LOAD_PACKAGE
<INFO> 09-Aug-2019::13:50:21.434 NcsMain JVM-Launcher: - LOADING PACKAGE ["cisco-nc-1.0"] -->
<INFO> 09-Aug-2019::13:50:21.439 NcsMain JVM-Launcher: - LOADING PACKAGE ["cisco-nc-1.0"] --> LOADED
<INFO> 09-Aug-2019::13:50:21.443 NcsMain JVM-Launcher: - DONE COMMAND --> LOAD_PACKAGE
<INFO> 09-Aug-2019::13:50:21.443 NcsMain JVM-Launcher: - READ SOCKET =>
<INFO> 09-Aug-2019::13:50:21.444 NcsMain JVM-Launcher: -  <= GOT LOAD_PACKAGE
<INFO> 09-Aug-2019::13:50:21.444 NcsMain JVM-Launcher: - FOUND TYPE: callback
<INFO> 09-Aug-2019::13:50:21.445 NcsMain JVM-Launcher: - LOADING PACKAGE ["evc"] -->
<INFO> 09-Aug-2019::13:50:21.451 NcsMain JVM-Launcher: - LOADING PACKAGE ["evc"] --> LOADED
<INFO> 09-Aug-2019::13:50:21.452 NcsMain JVM-Launcher: - DONE COMMAND --> LOAD_PACKAGE
<INFO> 09-Aug-2019::13:50:21.452 NcsMain JVM-Launcher: - READ SOCKET =>
<INFO> 09-Aug-2019::13:50:21.452 NcsMain JVM-Launcher: -  <= GOT INSTANTIATE_COMPONENT
<INFO> 09-Aug-2019::13:50:21.453 NcsMain JVM-Launcher: - INSTANTIATE COMPONENT ["cisco-nc-1.0:cisco"] -->
<INFO> 09-Aug-2019::13:50:21.453 NcsMain JVM-Launcher: - => Nothing to deploy for component cisco-nc-1.0:cisco
<INFO> 09-Aug-2019::13:50:21.453 NcsMain JVM-Launcher: - INSTANTIATE COMPONENT ["cisco-nc-1.0:cisco"] --> DONE
<INFO> 09-Aug-2019::13:50:21.453 NcsMain JVM-Launcher: - DONE COMMAND --> INSTANTIATE_COMPONENT
<INFO> 09-Aug-2019::13:50:21.454 NcsMain JVM-Launcher: - READ SOCKET =>
<INFO> 09-Aug-2019::13:50:21.454 NcsMain JVM-Launcher: -  <= GOT INSTANTIATE_COMPONENT
<INFO> 09-Aug-2019::13:50:21.454 NcsMain JVM-Launcher: - INSTANTIATE COMPONENT ["evc:evcRFS"] -->
<INFO> 09-Aug-2019::13:50:21.516 NcsMain JVM-Launcher: - INSTANTIATE COMPONENT ["evc:evcRFS"] --> DONE
<INFO> 09-Aug-2019::13:50:21.517 NcsMain JVM-Launcher: - DONE COMMAND --> INSTANTIATE_COMPONENT
<INFO> 09-Aug-2019::13:50:21.518 NcsMain JVM-Launcher: - READ SOCKET =>
<INFO> 09-Aug-2019::13:50:21.521 NcsMain JVM-Launcher: -  <= GOT DONE_LOADING
<INFO> 09-Aug-2019::13:50:21.521 NcsMain JVM-Launcher: - DONE LOADING  -->
<INFO> 09-Aug-2019::13:50:21.521 NcsMain JVM-Launcher: - DONE LOADING --> OK
<INFO> 09-Aug-2019::13:50:21.523 NcsMain JVM-Launcher: - DONE COMMAND --> DONE_LOADING
<INFO> 09-Aug-2019::13:50:21.531 NcsMain JVM-Launcher: - READ SOCKET =>
Starting java-vm with options:
' -classpath :/home/mef-dev/nso/java/jar/* -Dport=4569 -Djava.security.egd=file:/dev/./urandom -Dfile.encoding=UTF-8'
NCS JVM STARTING
NcsLogger applying Default configuration!
<INFO> 12-Aug-2019::11:30:28.828 NcsMain JVM-Launcher: - CONNECTED TO to NCS --> Socket[addr=/127.0.0.1,port=4569,localport=44640]
<INFO> 12-Aug-2019::11:30:28.852 NcsMain JVM-Launcher: - READ SOCKET =>
<INFO> 12-Aug-2019::11:30:28.859 NcsMain JVM-Launcher: -  <= GOT INIT_JVM
JMXURL : service:jmx:rmi://127.0.0.1:9901/jndi/rmi://127.0.0.1:9902/ncs
<INFO> 12-Aug-2019::11:30:30.120 NcsMain JVM-Launcher: - ALARM SERVICE STARTED
<INFO> 12-Aug-2019::11:30:30.121 NcsMain JVM-Launcher: - DONE COMMAND --> INIT_JVM
<INFO> 12-Aug-2019::11:30:30.121 NcsMain JVM-Launcher: - READ SOCKET =>
<INFO> 12-Aug-2019::11:30:30.122 NcsMain JVM-Launcher: -  <= GOT LOAD_SHARED_JARS
<INFO> 12-Aug-2019::11:30:30.123 NcsMain JVM-Launcher: - LOAD SHARED PACKAGE ["cisco-nc-1.0"] -->
<INFO> 12-Aug-2019::11:30:30.123 NcsMain JVM-Launcher: - loading shared jar: file:///home/mef-dev/evc-project/state/packages-in-use/1/cisco/shared-jar/cisco-ns.jar
<INFO> 12-Aug-2019::11:30:30.123 NcsMain JVM-Launcher: - LOAD SHARED PACKAGE ["cisco-nc-1.0"] --> OK
<INFO> 12-Aug-2019::11:30:30.123 NcsMain JVM-Launcher: - DONE COMMAND --> LOAD_SHARED_JARS
<INFO> 12-Aug-2019::11:30:30.124 NcsMain JVM-Launcher: - READ SOCKET =>
<INFO> 12-Aug-2019::11:30:30.124 NcsMain JVM-Launcher: -  <= GOT LOAD_SHARED_JARS
<INFO> 12-Aug-2019::11:30:30.125 NcsMain JVM-Launcher: - LOAD SHARED PACKAGE ["evc"] -->
<INFO> 12-Aug-2019::11:30:30.125 NcsMain JVM-Launcher: - loading shared jar: file:///home/mef-dev/evc-project/state/packages-in-use/1/evc/shared-jar/evc-ns.jar
<INFO> 12-Aug-2019::11:30:30.126 NcsMain JVM-Launcher: - LOAD SHARED PACKAGE ["evc"] --> OK
<INFO> 12-Aug-2019::11:30:30.127 NcsMain JVM-Launcher: - DONE COMMAND --> LOAD_SHARED_JARS
<INFO> 12-Aug-2019::11:30:30.127 NcsMain JVM-Launcher: - READ SOCKET =>
<INFO> 12-Aug-2019::11:30:30.127 NcsMain JVM-Launcher: -  <= GOT LOAD_PACKAGE
<INFO> 12-Aug-2019::11:30:30.128 NcsMain JVM-Launcher: - LOADING PACKAGE ["cisco-nc-1.0"] -->
<INFO> 12-Aug-2019::11:30:30.128 NcsMain JVM-Launcher: - LOADING PACKAGE ["cisco-nc-1.0"] --> LOADED
<INFO> 12-Aug-2019::11:30:30.129 NcsMain JVM-Launcher: - DONE COMMAND --> LOAD_PACKAGE
<INFO> 12-Aug-2019::11:30:30.129 NcsMain JVM-Launcher: - READ SOCKET =>
<INFO> 12-Aug-2019::11:30:30.129 NcsMain JVM-Launcher: -  <= GOT LOAD_PACKAGE
<INFO> 12-Aug-2019::11:30:30.129 NcsMain JVM-Launcher: - FOUND TYPE: callback
<INFO> 12-Aug-2019::11:30:30.130 NcsMain JVM-Launcher: - LOADING PACKAGE ["evc"] -->
<INFO> 12-Aug-2019::11:30:30.136 NcsMain JVM-Launcher: - LOADING PACKAGE ["evc"] --> LOADED
<INFO> 12-Aug-2019::11:30:30.136 NcsMain JVM-Launcher: - DONE COMMAND --> LOAD_PACKAGE
<INFO> 12-Aug-2019::11:30:30.137 NcsMain JVM-Launcher: - READ SOCKET =>
<INFO> 12-Aug-2019::11:30:30.137 NcsMain JVM-Launcher: -  <= GOT INSTANTIATE_COMPONENT
<INFO> 12-Aug-2019::11:30:30.137 NcsMain JVM-Launcher: - INSTANTIATE COMPONENT ["cisco-nc-1.0:cisco"] -->
<INFO> 12-Aug-2019::11:30:30.138 NcsMain JVM-Launcher: - => Nothing to deploy for component cisco-nc-1.0:cisco
<INFO> 12-Aug-2019::11:30:30.138 NcsMain JVM-Launcher: - INSTANTIATE COMPONENT ["cisco-nc-1.0:cisco"] --> DONE
<INFO> 12-Aug-2019::11:30:30.138 NcsMain JVM-Launcher: - DONE COMMAND --> INSTANTIATE_COMPONENT
<INFO> 12-Aug-2019::11:30:30.138 NcsMain JVM-Launcher: - READ SOCKET =>
<INFO> 12-Aug-2019::11:30:30.138 NcsMain JVM-Launcher: -  <= GOT INSTANTIATE_COMPONENT
<INFO> 12-Aug-2019::11:30:30.139 NcsMain JVM-Launcher: - INSTANTIATE COMPONENT ["evc:evcRFS"] -->
<INFO> 12-Aug-2019::11:30:30.192 NcsMain JVM-Launcher: - INSTANTIATE COMPONENT ["evc:evcRFS"] --> DONE
<INFO> 12-Aug-2019::11:30:30.194 NcsMain JVM-Launcher: - DONE COMMAND --> INSTANTIATE_COMPONENT
<INFO> 12-Aug-2019::11:30:30.195 NcsMain JVM-Launcher: - READ SOCKET =>
<INFO> 12-Aug-2019::11:30:30.196 NcsMain JVM-Launcher: -  <= GOT DONE_LOADING
<INFO> 12-Aug-2019::11:30:30.197 NcsMain JVM-Launcher: - DONE LOADING  -->
<INFO> 12-Aug-2019::11:30:30.197 NcsMain JVM-Launcher: - DONE LOADING --> OK
<INFO> 12-Aug-2019::11:30:30.197 NcsMain JVM-Launcher: - DONE COMMAND --> DONE_LOADING
<INFO> 12-Aug-2019::11:30:30.198 NcsMain JVM-Launcher: - READ SOCKET =>
